<?xml version="1.0" encoding="UTF-8"?>
<!-- Generated by org.testng.reporters.JUnitXMLReporter -->
<testsuite ignored="0" hostname="LTIN486831" failures="0" tests="10" name="Test" time="209.365" errors="0" timestamp="2024-04-10T09:44:35 IST">
  <testcase classname="testCases.TC1_CourseraSearchWebDev" name="searchForCourses" time="4.23"/>
  <testcase classname="testCases.TC1_CourseraSearchWebDev" name="Applyfilters" time="3.42"/>
  <testcase classname="testCases.TC1_CourseraSearchWebDev" name="selectFirstCourse" time="1.198"/>
  <testcase classname="testCases.TC1_CourseraSearchWebDev" name="getFirstCourseData" time="6.008"/>
  <testcase classname="testCases.TC1_CourseraSearchWebDev" name="selectSecondCourse" time="0.164"/>
  <testcase classname="testCases.TC1_CourseraSearchWebDev" name="getSecondCourseData" time="39.627"/>
  <testcase classname="testCases.TC2_Languagelearn" name="searchbox" time="6.322"/>
  <testcase classname="testCases.TC2_Languagelearn" name="languagescourses" time="6.386"/>
  <testcase classname="testCases.TC3_enterprises" name="forEnterprise" time="100.191"/>
  <testcase classname="testCases.TC3_enterprises" name="submitForm" time="2.871"/>
</testsuite> <!-- Test -->
